The system is: Windows - 10.0.19044 - AMD64
Compiling the C compiler identification source file "CMakeCCompilerId.c" succeeded.
Compiler: C:/Program Files/Microsoft Visual Studio/2022/Community/VC/Tools/MSVC/14.30.30705/bin/Hostx64/x64/cl.exe 
Build flags: 
Id flags:  

The output was:
0
Microsoft (R) C/C++ Optimizing Compiler Versão 19.30.30706 para x64
Copyright (C) Microsoft Corporation. Todos os direitos reservados.

CMakeCCompilerId.c
Microsoft (R) Incremental Linker Version 14.30.30706.0
Copyright (C) Microsoft Corporation.  All rights reserved.

/out:CMakeCCompilerId.exe 
CMakeCCompilerId.obj 


Compilation of the C compiler identification source "CMakeCCompilerId.c" produced "CMakeCCompilerId.exe"

Compilation of the C compiler identification source "CMakeCCompilerId.c" produced "CMakeCCompilerId.obj"

The C compiler identification is MSVC, found in "C:/Users/JNDVasco/Desktop/PC Asus/Backup Asus/CLion/CamAndMotive/cmake-build-debug/CMakeFiles/3.21.1/CompilerIdC/CMakeCCompilerId.exe"

Compiling the CXX compiler identification source file "CMakeCXXCompilerId.cpp" succeeded.
Compiler: C:/Program Files/Microsoft Visual Studio/2022/Community/VC/Tools/MSVC/14.30.30705/bin/Hostx64/x64/cl.exe 
Build flags: 
Id flags:  

The output was:
0
Microsoft (R) C/C++ Optimizing Compiler Versão 19.30.30706 para x64
Copyright (C) Microsoft Corporation. Todos os direitos reservados.

CMakeCXXCompilerId.cpp
Microsoft (R) Incremental Linker Version 14.30.30706.0
Copyright (C) Microsoft Corporation.  All rights reserved.

/out:CMakeCXXCompilerId.exe 
CMakeCXXCompilerId.obj 


Compilation of the CXX compiler identification source "CMakeCXXCompilerId.cpp" produced "CMakeCXXCompilerId.exe"

Compilation of the CXX compiler identification source "CMakeCXXCompilerId.cpp" produced "CMakeCXXCompilerId.obj"

The CXX compiler identification is MSVC, found in "C:/Users/JNDVasco/Desktop/PC Asus/Backup Asus/CLion/CamAndMotive/cmake-build-debug/CMakeFiles/3.21.1/CompilerIdCXX/CMakeCXXCompilerId.exe"

Detecting C compiler ABI info compiled with the following output:
Change Dir: C:/Users/JNDVasco/Desktop/PC Asus/Backup Asus/CLion/CamAndMotive/cmake-build-debug/CMakeFiles/CMakeTmp

Run Build Command(s):nmake -f Makefile /nologo cmTC_63772\fast && 	"C:\Program Files\Microsoft Visual Studio\2022\Community\VC\Tools\MSVC\14.30.30705\bin\HostX64\x64\nmake.exe"  -f CMakeFiles\cmTC_63772.dir\build.make /nologo -L                  CMakeFiles\cmTC_63772.dir\build
Building C object CMakeFiles/cmTC_63772.dir/CMakeCCompilerABI.c.obj
	"C:\Program Files\JetBrains\CLion 2021.3.1\bin\cmake\win\bin\cmake.exe" -E cmake_cl_compile_depends --dep-file=CMakeFiles\cmTC_63772.dir\CMakeCCompilerABI.c.obj.d --working-dir="C:\Users\JNDVasco\Desktop\PC Asus\Backup Asus\CLion\CamAndMotive\cmake-build-debug\CMakeFiles\CMakeTmp" --filter-prefix="ObservaþÒo: incluindo arquivo: " -- C:\PROGRA~1\MIB055~1\2022\COMMUN~1\VC\Tools\MSVC\1430~1.307\bin\Hostx64\x64\cl.exe @C:\Users\JNDVasco\AppData\Local\Temp\nm3D4E.tmp
CMakeCCompilerABI.c
Linking C executable cmTC_63772.exe
	"C:\Program Files\JetBrains\CLion 2021.3.1\bin\cmake\win\bin\cmake.exe" -E vs_link_exe --intdir=CMakeFiles\cmTC_63772.dir --rc=C:\PROGRA~2\WI3CF2~1\10\bin\100220~1.0\x64\rc.exe --mt=C:\PROGRA~2\WI3CF2~1\10\bin\100220~1.0\x64\mt.exe --manifests -- C:\PROGRA~1\MIB055~1\2022\COMMUN~1\VC\Tools\MSVC\1430~1.307\bin\Hostx64\x64\link.exe /nologo @CMakeFiles\cmTC_63772.dir\objects1.rsp @C:\Users\JNDVasco\AppData\Local\Temp\nm3E59.tmp



Detecting CXX compiler ABI info compiled with the following output:
Change Dir: C:/Users/JNDVasco/Desktop/PC Asus/Backup Asus/CLion/CamAndMotive/cmake-build-debug/CMakeFiles/CMakeTmp

Run Build Command(s):nmake -f Makefile /nologo cmTC_9b7bf\fast && 	"C:\Program Files\Microsoft Visual Studio\2022\Community\VC\Tools\MSVC\14.30.30705\bin\HostX64\x64\nmake.exe"  -f CMakeFiles\cmTC_9b7bf.dir\build.make /nologo -L                  CMakeFiles\cmTC_9b7bf.dir\build
Building CXX object CMakeFiles/cmTC_9b7bf.dir/CMakeCXXCompilerABI.cpp.obj
	"C:\Program Files\JetBrains\CLion 2021.3.1\bin\cmake\win\bin\cmake.exe" -E cmake_cl_compile_depends --dep-file=CMakeFiles\cmTC_9b7bf.dir\CMakeCXXCompilerABI.cpp.obj.d --working-dir="C:\Users\JNDVasco\Desktop\PC Asus\Backup Asus\CLion\CamAndMotive\cmake-build-debug\CMakeFiles\CMakeTmp" --filter-prefix="ObservaþÒo: incluindo arquivo: " -- C:\PROGRA~1\MIB055~1\2022\COMMUN~1\VC\Tools\MSVC\1430~1.307\bin\Hostx64\x64\cl.exe @C:\Users\JNDVasco\AppData\Local\Temp\nm4107.tmp
CMakeCXXCompilerABI.cpp
Linking CXX executable cmTC_9b7bf.exe
	"C:\Program Files\JetBrains\CLion 2021.3.1\bin\cmake\win\bin\cmake.exe" -E vs_link_exe --intdir=CMakeFiles\cmTC_9b7bf.dir --rc=C:\PROGRA~2\WI3CF2~1\10\bin\100220~1.0\x64\rc.exe --mt=C:\PROGRA~2\WI3CF2~1\10\bin\100220~1.0\x64\mt.exe --manifests -- C:\PROGRA~1\MIB055~1\2022\COMMUN~1\VC\Tools\MSVC\1430~1.307\bin\Hostx64\x64\link.exe /nologo @CMakeFiles\cmTC_9b7bf.dir\objects1.rsp @C:\Users\JNDVasco\AppData\Local\Temp\nm4202.tmp



